<?xml version="1.0" encoding="UTF-8"?>
<!-- Generated by org.testng.reporters.JUnitXMLReporter -->
<testsuite ignored="7" hostname="DESKTOP-NPTSVFS" failures="0" tests="2" name="UI Functionality" time="0.115" errors="0" timestamp="2024-02-02T19:30:09 CST">
  <testcase classname="com.noorteck.testnglecture.GroupingTest" name="honda" time="0.014"/>
  <testcase classname="com.noorteck.testnglecture.GroupingTest" name="taco" time="0.005"/>
  <testcase classname="com.noorteck.testnglecture.GroupingTest" name="rice" time="0.0">
    <ignored/>
  </testcase> <!-- rice -->
  <testcase classname="com.noorteck.testnglecture.GroupingTest" name="sandwich" time="0.0">
    <ignored/>
  </testcase> <!-- sandwich -->
  <testcase classname="com.noorteck.testnglecture.GroupingTest" name="football" time="0.0">
    <ignored/>
  </testcase> <!-- football -->
  <testcase classname="com.noorteck.testnglecture.GroupingTest" name="tesla" time="0.0">
    <ignored/>
  </testcase> <!-- tesla -->
  <testcase classname="com.noorteck.testnglecture.GroupingTest" name="soccer" time="0.0">
    <ignored/>
  </testcase> <!-- soccer -->
  <testcase classname="com.noorteck.testnglecture.GroupingTest" name="benz" time="0.0">
    <ignored/>
  </testcase> <!-- benz -->
  <testcase classname="com.noorteck.testnglecture.GroupingTest" name="basketball" time="0.0">
    <ignored/>
  </testcase> <!-- basketball -->
</testsuite> <!-- UI Functionality -->
