<?xml version="1.0" encoding="UTF-8"?>
<!-- Generated by org.testng.reporters.JUnitXMLReporter -->
<testsuite ignored="0" hostname="DESKTOP-NPTSVFS" failures="0" tests="14" name="Demo" time="0.188" errors="0" timestamp="2024-02-02T20:15:05 CST">
  <testcase classname="com.noorteck.testnglecture.GroupingTest" name="basketball" time="0.012"/>
  <testcase classname="com.noorteck.testnglecture.FruitTest" name="orange" time="0.009"/>
  <testcase classname="com.noorteck.testnglecture.FruitTest" name="mango" time="0.004"/>
  <testcase classname="com.noorteck.testnglecture.FruitTest" name="grape" time="0.002"/>
  <testcase classname="com.noorteck.testnglecture.FruitTest" name="banana" time="0.006"/>
  <testcase classname="com.noorteck.testnglecture.FruitTest" name="apple" time="0.002"/>
  <testcase classname="com.noorteck.testnglecture.GroupingTest" name="benz" time="0.009"/>
  <testcase classname="com.noorteck.testnglecture.GroupingTest" name="football" time="0.005"/>
  <testcase classname="com.noorteck.testnglecture.GroupingTest" name="honda" time="0.011"/>
  <testcase classname="com.noorteck.testnglecture.GroupingTest" name="rice" time="0.002"/>
  <testcase classname="com.noorteck.testnglecture.GroupingTest" name="sandwich" time="0.002"/>
  <testcase classname="com.noorteck.testnglecture.GroupingTest" name="soccer" time="0.001"/>
  <testcase classname="com.noorteck.testnglecture.GroupingTest" name="taco" time="0.001"/>
  <testcase classname="com.noorteck.testnglecture.GroupingTest" name="tesla" time="0.002"/>
</testsuite> <!-- Demo -->
